<?xml version="1.0" encoding="UTF-8"?>
<!-- Generated by org.testng.reporters.JUnitXMLReporter -->
<testsuite hostname="DESKTOP-NLD5HU1" name="QaTest" tests="5" failures="0" timestamp="12 Feb 2021 10:10:20 GMT" time="59.596" errors="0">
  <testcase name="clickOnUserlinktest" time="0.537" classname="testCasess.HomePageTest"/>
  <testcase name="loginPageLinkTest" time="0.049" classname="testCasess.LoginPageTest"/>
  <testcase name="loginPageTest" time="4.016" classname="testCasess.LoginPageTest"/>
  <testcase name="createNewUserTest" time="0.284" classname="testCasess.AddUserPageTest"/>
  <testcase name="validateTextOnTbaleTest" time="0.23" classname="testCasess.Userpagetest"/>
</testsuite> <!-- QaTest -->
