<?xml version="1.0" encoding="UTF-8"?>
<testng-results skipped="0" failed="0" total="1" passed="1">
  <reporter-output>
  </reporter-output>
  <suite name="Default suite" duration-ms="8776" started-at="2021-02-14T11:13:37Z" finished-at="2021-02-14T11:13:46Z">
    <groups>
    </groups>
    <test name="Default test" duration-ms="8776" started-at="2021-02-14T11:13:37Z" finished-at="2021-02-14T11:13:46Z">
      <class name="testCasess.RegNewMemberTest">
        <test-method status="PASS" signature="initilization()[pri:0, instance:testCasess.RegNewMemberTest@16c0663d]" name="initilization" is-config="true" duration-ms="7987" started-at="2021-02-14T16:43:37Z" finished-at="2021-02-14T16:43:45Z">
          <reporter-output>
          </reporter-output>
        </test-method> <!-- initilization -->
        <test-method status="PASS" signature="validateRgNewUserMember()[pri:0, instance:testCasess.RegNewMemberTest@16c0663d]" name="validateRgNewUserMember" duration-ms="754" started-at="2021-02-14T16:43:45Z" finished-at="2021-02-14T16:43:46Z">
          <reporter-output>
          </reporter-output>
        </test-method> <!-- validateRgNewUserMember -->
        <test-method status="PASS" signature="tearDown()[pri:0, instance:testCasess.RegNewMemberTest@16c0663d]" name="tearDown" is-config="true" duration-ms="1" started-at="2021-02-14T16:43:46Z" finished-at="2021-02-14T16:43:46Z">
          <reporter-output>
          </reporter-output>
        </test-method> <!-- tearDown -->
      </class> <!-- testCasess.RegNewMemberTest -->
    </test> <!-- Default test -->
  </suite> <!-- Default suite -->
</testng-results>
